<?xml version="1.0" encoding="UTF-8"?>
<!-- Generated by org.testng.reporters.JUnitReportReporter -->
<testsuite hostname="DESKTOP-NAB867H" failures="0" tests="1" name="testRunner.Run" time="36.423" errors="0" timestamp="2023-05-12T15:41:34 IST" skipped="0">
  <testcase classname="testRunner.Run" name="runScenario" time="36.423"/>
  <system-out/>
</testsuite> <!-- testRunner.Run -->
